2024-03-07 14:28:11,354 [Worker-11: Loading available Gradle versions] INFO  o.e.b.c.i.u.g.PublishedGradleVersions - Gradle version information cache is out-of-date. Trying to update.
2024-03-07 14:35:11,494 [Worker-46: Creating project "SpringDIUsingXML"] INFO  o.e.m.c.i.l.LifecycleMappingFactory - Using org.eclipse.m2e.jdt.JarLifecycleMapping lifecycle mapping for MavenProject: myspringproject:SpringDIUsingXML:0.0.1-SNAPSHOT @ /Users/celestino.nagal/Desktop/SpringFramework/Spring/SpringDIUsingXML/pom.xml.
2024-03-07 14:35:13,007 [Worker-46: Creating project "SpringDIUsingXML"] INFO  o.e.m.j.i.AbstractJavaProjectConfigurator - Adding source folder /SpringDIUsingXML/src/main/java
2024-03-07 14:35:13,010 [Worker-46: Creating project "SpringDIUsingXML"] INFO  o.e.m.j.i.AbstractJavaProjectConfigurator - Adding resource folder /SpringDIUsingXML/src/main/resources
2024-03-07 14:35:13,023 [Worker-46: Creating project "SpringDIUsingXML"] INFO  o.e.m.j.i.AbstractJavaProjectConfigurator - Adding source folder /SpringDIUsingXML/src/test/java
2024-03-07 14:35:13,027 [Worker-46: Creating project "SpringDIUsingXML"] INFO  o.e.m.j.i.AbstractJavaProjectConfigurator - Adding resource folder /SpringDIUsingXML/src/test/resources
2024-03-07 14:35:14,102 [Worker-46: Building] WARN  o.a.m.s.f.DefaultMavenResourcesFiltering - Using platform encoding (UTF-8 actually) to copy filtered resources, i.e. build is platform dependent!
2024-03-07 14:35:14,111 [Worker-46: Building] INFO  o.a.m.s.f.DefaultMavenResourcesFiltering - Copying 0 resource from src/main/resources to target/classes
2024-03-07 14:35:14,118 [Worker-46: Building] WARN  o.a.m.s.f.DefaultMavenResourcesFiltering - Using platform encoding (UTF-8 actually) to copy filtered resources, i.e. build is platform dependent!
2024-03-07 14:35:14,119 [Worker-46: Building] INFO  o.a.m.s.f.DefaultMavenResourcesFiltering - Copying 0 resource from src/test/resources to target/test-classes
2024-03-07 14:38:19,665 [Worker-46: Updating Maven Project] INFO  o.e.m.c.i.p.ProjectConfigurationManager - Update started
2024-03-07 14:38:20,208 [Worker-46: Updating Maven Project] INFO  o.e.m.c.i.l.LifecycleMappingFactory - Using org.eclipse.m2e.jdt.JarLifecycleMapping lifecycle mapping for MavenProject: myspringproject:SpringDIUsingXML:0.0.1-SNAPSHOT @ /Users/celestino.nagal/Desktop/SpringFramework/Spring/SpringDIUsingXML/pom.xml.
2024-03-07 14:38:20,959 [Worker-46: Updating Maven Project] INFO  o.e.m.j.i.AbstractJavaProjectConfigurator - Adding source folder /SpringDIUsingXML/src/main/java
2024-03-07 14:38:20,961 [Worker-46: Updating Maven Project] INFO  o.e.m.j.i.AbstractJavaProjectConfigurator - Adding resource folder /SpringDIUsingXML/src/main/resources
2024-03-07 14:38:20,961 [Worker-46: Updating Maven Project] INFO  o.e.m.j.i.AbstractJavaProjectConfigurator - Adding source folder /SpringDIUsingXML/src/test/java
2024-03-07 14:38:20,961 [Worker-46: Updating Maven Project] INFO  o.e.m.j.i.AbstractJavaProjectConfigurator - Adding resource folder /SpringDIUsingXML/src/test/resources
2024-03-07 14:38:21,135 [Worker-46: Updating Maven Project] INFO  o.e.m.c.i.p.ProjectConfigurationManager - Update completed for 1 poms: local refresh takes 0.00 sec, refresh facades takes 0.00 sec, update config takes 0.00 sec 
2024-03-07 14:38:21,285 [Worker-46: Building] WARN  o.a.m.s.f.DefaultMavenResourcesFiltering - Using platform encoding (UTF-8 actually) to copy filtered resources, i.e. build is platform dependent!
2024-03-07 14:38:21,288 [Worker-46: Building] INFO  o.a.m.s.f.DefaultMavenResourcesFiltering - Copying 0 resource from src/main/resources to target/classes
2024-03-07 14:38:21,299 [Worker-46: Building] WARN  o.a.m.s.f.DefaultMavenResourcesFiltering - Using platform encoding (UTF-8 actually) to copy filtered resources, i.e. build is platform dependent!
2024-03-07 14:38:21,299 [Worker-46: Building] INFO  o.a.m.s.f.DefaultMavenResourcesFiltering - Copying 0 resource from src/test/resources to target/test-classes
2024-03-07 14:41:18,893 [Worker-50: Building] INFO  o.e.m.c.i.l.LifecycleMappingFactory - Using org.eclipse.m2e.jdt.JarLifecycleMapping lifecycle mapping for MavenProject: myspringproject:SpringDIUsingXML:0.0.1-SNAPSHOT @ /Users/celestino.nagal/Desktop/SpringFramework/Spring/SpringDIUsingXML/pom.xml.
2024-03-07 14:41:19,723 [Worker-50: Building] INFO  o.a.m.s.f.DefaultMavenResourcesFiltering - Copying 0 resource from src/main/resources to target/classes
2024-03-07 14:41:19,737 [Worker-50: Building] INFO  o.a.m.s.f.DefaultMavenResourcesFiltering - Copying 0 resource from src/test/resources to target/test-classes
2024-03-07 14:41:48,701 [Worker-7: Loading available Gradle versions] INFO  o.e.b.c.i.u.g.PublishedGradleVersions - Gradle version information cache is up-to-date. Trying to read.
